{
  "stats": {
    "suites": 2,
    "tests": 2,
    "passes": 2,
    "pending": 0,
    "failures": 0,
    "start": "2022-12-23T10:08:54.897Z",
    "end": "2022-12-23T10:08:59.221Z",
    "duration": 4324,
    "testsRegistered": 2,
    "passPercent": 100,
    "pendingPercent": 0,
    "other": 0,
    "hasOther": false,
    "skipped": 0,
    "hasSkipped": false
  },
  "results": [
    {
      "uuid": "59d726c1-8454-4517-b40d-3c479c2fb913",
      "title": "",
      "fullFile": "cypress/e2e/component-based-testing/downloadFile.spec.cy.js",
      "file": "cypress/e2e/component-based-testing/downloadFile.spec.cy.js",
      "beforeHooks": [],
      "afterHooks": [],
      "tests": [],
      "suites": [
        {
          "uuid": "c3088744-96bc-4815-aceb-96f05aa6fe0e",
          "title": "Downloadfile my anchor tag",
          "fullFile": "",
          "file": "",
          "beforeHooks": [],
          "afterHooks": [],
          "tests": [
            {
              "title": "download",
              "fullTitle": "Downloadfile my anchor tag download",
              "timedOut": null,
              "duration": 523,
              "state": "passed",
              "speed": "fast",
              "pass": true,
              "fail": false,
              "pending": false,
              "context": null,
              "code": "cy.visit('http://localhost:3000/');\ncy.get('a[download]').click();",
              "err": {},
              "uuid": "a5c8dba4-9654-4f77-a36e-04f9025744d1",
              "parentUUID": "c3088744-96bc-4815-aceb-96f05aa6fe0e",
              "isHook": false,
              "skipped": false
            }
          ],
          "suites": [],
          "passes": [
            "a5c8dba4-9654-4f77-a36e-04f9025744d1"
          ],
          "failures": [],
          "pending": [],
          "skipped": [],
          "duration": 523,
          "root": false,
          "rootEmpty": false,
          "_timeout": 2000
        },
        {
          "uuid": "71697ac6-4932-439a-bd9f-c75b21cb41b1",
          "title": "downloadFile by custom url",
          "fullFile": "",
          "file": "",
          "beforeHooks": [],
          "afterHooks": [],
          "tests": [
            {
              "title": "download file in mentioned dir",
              "fullTitle": "downloadFile by custom url download file in mentioned dir",
              "timedOut": null,
              "duration": 2334,
              "state": "passed",
              "speed": "fast",
              "pass": true,
              "fail": false,
              "pending": false,
              "context": null,
              "code": "cy.downloadFile('https://upload.wikimedia.org/wikipedia/en/a/a9/Example.jpg', 'cypress/downloads', 'example.jpg');\ncy.downloadFile('https://sample-videos.com/doc/Sample-doc-file-100kb.doc', 'cypress/downloads', 'example.doc');",
              "err": {},
              "uuid": "bb8348ac-a8a8-4fb2-85c3-99e6979a2031",
              "parentUUID": "71697ac6-4932-439a-bd9f-c75b21cb41b1",
              "isHook": false,
              "skipped": false
            }
          ],
          "suites": [],
          "passes": [
            "bb8348ac-a8a8-4fb2-85c3-99e6979a2031"
          ],
          "failures": [],
          "pending": [],
          "skipped": [],
          "duration": 2334,
          "root": false,
          "rootEmpty": false,
          "_timeout": 2000
        }
      ],
      "passes": [],
      "failures": [],
      "pending": [],
      "skipped": [],
      "duration": 0,
      "root": true,
      "rootEmpty": true,
      "_timeout": 2000
    }
  ],
  "meta": {
    "mocha": {
      "version": "7.0.1"
    },
    "mochawesome": {
      "options": {
        "quiet": false,
        "reportFilename": "mochawesome",
        "saveHtml": false,
        "saveJson": true,
        "consoleReporter": "spec",
        "useInlineDiffs": false,
        "code": true
      },
      "version": "7.1.3"
    },
    "marge": {
      "options": {
        "reportDir": "cypress/report/mochawesome-report",
        "overwrite": false,
        "html": false,
        "json": true,
        "timestamp": "mmddyyyy_HHMMss"
      },
      "version": "6.2.0"
    }
  }
}