{
  "stats": {
    "suites": 1,
    "tests": 2,
    "passes": 2,
    "pending": 0,
    "failures": 0,
    "start": "2022-12-23T10:09:02.452Z",
    "end": "2022-12-23T10:09:05.479Z",
    "duration": 3027,
    "testsRegistered": 2,
    "passPercent": 100,
    "pendingPercent": 0,
    "other": 0,
    "hasOther": false,
    "skipped": 0,
    "hasSkipped": false
  },
  "results": [
    {
      "uuid": "88ebb885-f746-46b4-aec9-99f1f0410d7c",
      "title": "",
      "fullFile": "cypress/e2e/component-based-testing/uploadFile.cy.js",
      "file": "cypress/e2e/component-based-testing/uploadFile.cy.js",
      "beforeHooks": [],
      "afterHooks": [],
      "tests": [],
      "suites": [
        {
          "uuid": "9a5ae103-c0d7-411b-8b03-8f65df9ceb31",
          "title": "Window",
          "fullFile": "",
          "file": "",
          "beforeHooks": [],
          "afterHooks": [],
          "tests": [
            {
              "title": "check view port mac 15",
              "fullTitle": "Window check view port mac 15",
              "timedOut": null,
              "duration": 1025,
              "state": "passed",
              "speed": "fast",
              "pass": true,
              "fail": false,
              "pending": false,
              "context": null,
              "code": "cy.viewport('macbook-15');\ncy.screenshot();\ncy.wait(200);",
              "err": {},
              "uuid": "b7e51ca2-5be6-4374-8b21-ea3abb65e068",
              "parentUUID": "9a5ae103-c0d7-411b-8b03-8f65df9ceb31",
              "isHook": false,
              "skipped": false
            },
            {
              "title": "check next view port mac 13",
              "fullTitle": "Window check next view port mac 13",
              "timedOut": null,
              "duration": 589,
              "state": "passed",
              "speed": "fast",
              "pass": true,
              "fail": false,
              "pending": false,
              "context": null,
              "code": "cy.viewport('iphone-6', 'landscape');\ncy.screenshot();\ncy.wait(200);",
              "err": {},
              "uuid": "332e6fa4-ab42-4548-a2d4-0872ca591aec",
              "parentUUID": "9a5ae103-c0d7-411b-8b03-8f65df9ceb31",
              "isHook": false,
              "skipped": false
            }
          ],
          "suites": [],
          "passes": [
            "b7e51ca2-5be6-4374-8b21-ea3abb65e068",
            "332e6fa4-ab42-4548-a2d4-0872ca591aec"
          ],
          "failures": [],
          "pending": [],
          "skipped": [],
          "duration": 1614,
          "root": false,
          "rootEmpty": false,
          "_timeout": 2000
        }
      ],
      "passes": [],
      "failures": [],
      "pending": [],
      "skipped": [],
      "duration": 0,
      "root": true,
      "rootEmpty": true,
      "_timeout": 2000
    }
  ],
  "meta": {
    "mocha": {
      "version": "7.0.1"
    },
    "mochawesome": {
      "options": {
        "quiet": false,
        "reportFilename": "mochawesome",
        "saveHtml": false,
        "saveJson": true,
        "consoleReporter": "spec",
        "useInlineDiffs": false,
        "code": true
      },
      "version": "7.1.3"
    },
    "marge": {
      "options": {
        "reportDir": "cypress/report/mochawesome-report",
        "overwrite": false,
        "html": false,
        "json": true,
        "timestamp": "mmddyyyy_HHMMss"
      },
      "version": "6.2.0"
    }
  }
}